File: /mnt/data/cccad3/pg1709/sparse-matrices/perf-tests/fpga16/dw8192.mtx
Iterations = 100Took = 0.000354467 est = 0.0001581 gflops est: 0.528096 gflopsAct: 0.235542
File: /mnt/data/cccad3/pg1709/sparse-matrices/perf-tests/fpga16/consph.mtx
Iterations = 100Took = 0.00747499 est = 0.00439164 gflops est: 2.73724 gflopsAct: 1.60816
File: /mnt/data/cccad3/pg1709/sparse-matrices/perf-tests/fpga16/dense.mtx
Iterations = 100Took = 0.00179796 est = 0.0017664 gflops est: 4.74899 gflopsAct: 4.66562
File: /mnt/data/cccad3/pg1709/sparse-matrices/perf-tests/fpga16/mac_econ_fwd500.mtx
Iterations = 100Took = 0.00936289 est = 0.00475107 gflops est: 0.536043 gflopsAct: 0.272008
File: /mnt/data/cccad3/pg1709/sparse-matrices/perf-tests/fpga16/rma10.mtx
Iterations = 100Took = 0.00332814 est = 0.00168003 gflops est: 2.82614 gflopsAct: 1.42662
File: /mnt/data/cccad3/pg1709/sparse-matrices/perf-tests/fpga16/raefsky1.mtx
Iterations = 100Took = 0.000246427 est = 0.00017475 gflops est: 3.36797 gflopsAct: 2.38834
File: /mnt/data/cccad3/pg1709/sparse-matrices/perf-tests/fpga16/shipsec1.mtx
Iterations = 100Took = 0.0119776 est = 0.00646995 gflops est: 2.41529 gflopsAct: 1.30466
File: /mnt/data/cccad3/pg1709/sparse-matrices/perf-tests/fpga16/mc2depi.mtx
Iterations = 100Took = 0.0236189 est = 0.0116555 gflops est: 0.360383 gflopsAct: 0.177843
File: /mnt/data/cccad3/pg1709/sparse-matrices/perf-tests/fpga16/epb1.mtx
Iterations = 100Took = 0.000669554 est = 0.00032782 gflops est: 0.57991 gflopsAct: 0.283929
File: /mnt/data/cccad3/pg1709/sparse-matrices/perf-tests/fpga16/torso2.mtx
Iterations = 100Took = 0.00520142 est = 0.00273818 gflops est: 0.754861 gflopsAct: 0.397381
File: /mnt/data/cccad3/pg1709/sparse-matrices/perf-tests/fpga16/cant.mtx
Iterations = 100Took = 0.0043339 est = 0.0029328 gflops est: 2.7328 gflopsAct: 1.84932
File: /mnt/data/cccad3/pg1709/sparse-matrices/perf-tests/fpga16/scircuit.mtx
Iterations = 100Took = 0.0102472 est = 0.00461628 gflops est: 0.415458 gflopsAct: 0.187161
File: /mnt/data/cccad3/pg1709/sparse-matrices/perf-tests/fpga16/conf5_4-8x8-05.mtx
Iterations = 100Took = 0.00362466 est = 0.00193384 gflops est: 1.98251 gflopsAct: 1.05771
File: /mnt/data/cccad3/pg1709/sparse-matrices/perf-tests/fpga16/psmigr_2.mtx
Iterations = 100Took = 0.000349679 est = 0.00029445 gflops est: 3.668 gflopsAct: 3.08867
