Using "../params.json" as param file
DseParams(
  numPipes   = Range{1,4,1}
  inputWidth = Range{8,24,8}
  cacheSize  = Range{2048,16384,1024}
)

Using "../fpga16-benchmark/fpga16" as benchmark directory
Benchmark(
  ../fpga16-benchmark/fpga16/raefsky1.mtx
  ../fpga16-benchmark/fpga16/dense.mtx
  ../fpga16-benchmark/fpga16/scircuit.mtx
  ../fpga16-benchmark/fpga16/torso2.mtx
  ../fpga16-benchmark/fpga16/rma10.mtx
  ../fpga16-benchmark/fpga16/t2d_q9_A_01.mtx
  ../fpga16-benchmark/fpga16/dw8192.mtx
  ../fpga16-benchmark/fpga16/mac_econ_fwd500.mtx
  ../fpga16-benchmark/fpga16/conf5_4-8x8-05.mtx
  ../fpga16-benchmark/fpga16/psmigr_2.mtx
  ../fpga16-benchmark/fpga16/consph.mtx
  ../fpga16-benchmark/fpga16/epb1.mtx
)

/raefsky1.mtx
Sorting took:  took 0.0240023 seconds.
Reading took:  took 0.457506 seconds.
File Architecture CacheSize InputWidth NumPipes EstClockCycles EstGflops LUTS FFs DSPs BRAMs MemBandwidth Observation
/raefsky1.mtx Simple 2048 8 1 46503 1.26562 43618 59378  80 198 9.6
/raefsky1.mtx Simple 3072 8 1 48004 1.22605 43618 59378  80 214 9.6
/raefsky1.mtx Simple 4096 8 1 42991 1.36901 43618 59378  80 230 9.6
/raefsky1.mtx Simple 5120 8 1 44015 1.33716 43618 59378  80 246 9.6
/raefsky1.mtx Simple 6144 8 1 45039 1.30676 43618 59378  80 262 9.6
/raefsky1.mtx Simple 7168 8 1 46063 1.27771 43618 59378  80 278 9.6
/raefsky1.mtx Simple 8192 8 1 47087 1.24992 43618 59378  80 294 9.6
/raefsky1.mtx Simple 9216 8 1 48111 1.22332 43618 59378  80 310 9.6
/raefsky1.mtx Simple 10240 8 1 49135 1.19783 43618 59378  80 326 9.6
/raefsky1.mtx Simple 11264 8 1 50159 1.17337 43618 59378  80 342 9.6
/raefsky1.mtx Simple 12288 8 1 51183 1.1499 43618 59378  80 358 9.6
/raefsky1.mtx Simple 13312 8 1 52207 1.12734 43618 59378  80 374 9.6
/raefsky1.mtx Simple 14336 8 1 53231 1.10566 43618 59378  80 390 9.6
/raefsky1.mtx Simple 15360 8 1 54255 1.08479 43618 59378  80 406 9.6
/raefsky1.mtx Simple 2048 16 1 28537 2.06242 55346 75858  160 230 19.2
/raefsky1.mtx Simple 3072 16 1 30321 1.94107 55346 75858  160 262 19.2
/raefsky1.mtx Simple 4096 16 1 25168 2.33849 55346 75858  160 294 19.2
/raefsky1.mtx Simple 5120 16 1 26192 2.24707 55346 75858  160 326 19.2
/raefsky1.mtx Simple 6144 16 1 27216 2.16252 55346 75858  160 358 19.2
/raefsky1.mtx Simple 7168 16 1 28240 2.08411 55346 75858  160 390 19.2
/raefsky1.mtx Simple 8192 16 1 29264 2.01118 55346 75858  160 422 19.2
/raefsky1.mtx Simple 9216 16 1 30288 1.94319 55346 75858  160 454 19.2
/raefsky1.mtx Simple 10240 16 1 31312 1.87964 55346 75858  160 486 19.2
/raefsky1.mtx Simple 11264 16 1 32336 1.82011 55346 75858  160 518 19.2
/raefsky1.mtx Simple 12288 16 1 33360 1.76424 55346 75858  160 550 19.2
/raefsky1.mtx Simple 13312 16 1 34384 1.7117 55346 75858  160 582 19.2
/raefsky1.mtx Simple 14336 16 1 35408 1.6622 55346 75858  160 614 19.2
/raefsky1.mtx Simple 15360 16 1 36432 1.61548 55346 75858  160 646 19.2
/raefsky1.mtx Simple 2048 8 2 25702 2.28991 63236 86756  160 396 19.2
/raefsky1.mtx Simple 3072 8 2 27203 2.16356 63236 86756  160 428 19.2
/raefsky1.mtx Simple 4096 8 2 23811 2.47177 63236 86756  160 460 19.2
/raefsky1.mtx Simple 5120 8 2 24835 2.36985 63236 86756  160 492 19.2
/raefsky1.mtx Simple 6144 8 2 25859 2.276 63236 86756  160 524 19.2
/raefsky1.mtx Simple 7168 8 2 26883 2.18931 63236 86756  160 556 19.2
/raefsky1.mtx Simple 8192 8 2 27907 2.10898 63236 86756  160 588 19.2
/raefsky1.mtx Simple 9216 8 2 28931 2.03433 63236 86756  160 620 19.2
/raefsky1.mtx Simple 10240 8 2 29955 1.96479 63236 86756  160 652 19.2
/raefsky1.mtx Simple 11264 8 2 30979 1.89984 63236 86756  160 684 19.2
/raefsky1.mtx Simple 12288 8 2 32003 1.83905 63236 86756  160 716 19.2
/raefsky1.mtx Simple 13312 8 2 33027 1.78203 63236 86756  160 748 19.2
/raefsky1.mtx Simple 14336 8 2 34051 1.72844 63236 86756  160 780 19.2
/raefsky1.mtx Simple 15360 8 2 35075 1.67798 63236 86756  160 812 19.2
/raefsky1.mtx Simple 2048 16 2 16512 3.56439 86692 119716  320 460 38.4
/raefsky1.mtx Simple 3072 16 2 18296 3.21683 86692 119716  320 524 38.4
/raefsky1.mtx Simple 4096 16 2 14764 3.9864 86692 119716  320 588 38.4
/raefsky1.mtx Simple 5120 16 2 15788 3.72784 86692 119716  320 652 38.4
/raefsky1.mtx Simple 6144 16 2 16812 3.50079 86692 119716  320 716 38.4
/raefsky1.mtx Simple 7168 16 2 17836 3.2998 86692 119716  320 780 38.4
/raefsky1.mtx Simple 8192 16 2 18860 3.12064 86692 119716  320 844 38.4
/raefsky1.mtx Simple 9216 16 2 19884 2.95993 86692 119716  320 908 38.4
/raefsky1.mtx Simple 2048 8 3 18989 3.09944 82854 114134  240 594 28.8
/raefsky1.mtx Simple 3072 8 3 20952 2.80905 82854 114134  240 642 28.8
/raefsky1.mtx Simple 4096 8 3 17824 3.30202 82854 114134  240 690 28.8
/raefsky1.mtx Simple 5120 8 3 18848 3.12262 82854 114134  240 738 28.8
/raefsky1.mtx Simple 6144 8 3 19872 2.96171 82854 114134  240 786 28.8
/raefsky1.mtx Simple 7168 8 3 20896 2.81658 82854 114134  240 834 28.8
/raefsky1.mtx Simple 8192 8 3 21920 2.685 82854 114134  240 882 28.8
/raefsky1.mtx Simple 9216 8 3 22944 2.56517 82854 114134  240 930 28.8
/raefsky1.mtx 3.986414764 Best 
/raefsky1.mtx 3.986414764 BestOverall 
/dense.mtx
Sorting took:  took 0.163002 seconds.
Reading took:  took 6.45245 seconds.
File Architecture CacheSize InputWidth NumPipes EstClockCycles EstGflops LUTS FFs DSPs BRAMs MemBandwidth Observation
/dense.mtx Simple 2048 8 1 526336 1.59377 43618 59378  80 196 9.6
/dense.mtx Simple 3072 8 1 527360 1.59068 43618 59378  80 212 9.6
/dense.mtx Simple 4096 8 1 528384 1.5876 43618 59378  80 228 9.6
/dense.mtx Simple 5120 8 1 529408 1.58453 43618 59378  80 244 9.6
/dense.mtx Simple 6144 8 1 530432 1.58147 43618 59378  80 260 9.6
/dense.mtx Simple 7168 8 1 531456 1.57842 43618 59378  80 276 9.6
/dense.mtx Simple 8192 8 1 532480 1.57538 43618 59378  80 292 9.6
/dense.mtx Simple 9216 8 1 533504 1.57236 43618 59378  80 308 9.6
/dense.mtx Simple 10240 8 1 534528 1.56935 43618 59378  80 324 9.6
/dense.mtx Simple 11264 8 1 535552 1.56635 43618 59378  80 340 9.6
/dense.mtx Simple 12288 8 1 536576 1.56336 43618 59378  80 356 9.6
/dense.mtx Simple 13312 8 1 537600 1.56038 43618 59378  80 372 9.6
/dense.mtx Simple 14336 8 1 538624 1.55741 43618 59378  80 388 9.6
/dense.mtx Simple 15360 8 1 539648 1.55446 43618 59378  80 404 9.6
/dense.mtx Simple 2048 16 1 264192 3.17519 55346 75858  160 228 19.2
/dense.mtx Simple 3072 16 1 265216 3.16293 55346 75858  160 260 19.2
/dense.mtx Simple 4096 16 1 266240 3.15077 55346 75858  160 292 19.2
/dense.mtx Simple 5120 16 1 267264 3.1387 55346 75858  160 324 19.2
/dense.mtx Simple 6144 16 1 268288 3.12672 55346 75858  160 356 19.2
/dense.mtx Simple 7168 16 1 269312 3.11483 55346 75858  160 388 19.2
/dense.mtx Simple 8192 16 1 270336 3.10303 55346 75858  160 420 19.2
/dense.mtx Simple 9216 16 1 271360 3.09132 55346 75858  160 452 19.2
/dense.mtx Simple 10240 16 1 272384 3.0797 55346 75858  160 484 19.2
/dense.mtx Simple 11264 16 1 273408 3.06816 55346 75858  160 516 19.2
/dense.mtx Simple 12288 16 1 274432 3.05672 55346 75858  160 548 19.2
/dense.mtx Simple 13312 16 1 275456 3.04535 55346 75858  160 580 19.2
/dense.mtx Simple 14336 16 1 276480 3.03407 55346 75858  160 612 19.2
/dense.mtx Simple 15360 16 1 277504 3.02288 55346 75858  160 644 19.2
/dense.mtx Simple 2048 8 2 264192 3.17519 63236 86756  160 392 19.2
/dense.mtx Simple 3072 8 2 265216 3.16293 63236 86756  160 424 19.2
/dense.mtx Simple 4096 8 2 266240 3.15077 63236 86756  160 456 19.2
/dense.mtx Simple 5120 8 2 267264 3.1387 63236 86756  160 488 19.2
/dense.mtx Simple 6144 8 2 268288 3.12672 63236 86756  160 520 19.2
/dense.mtx Simple 7168 8 2 269312 3.11483 63236 86756  160 552 19.2
/dense.mtx Simple 8192 8 2 270336 3.10303 63236 86756  160 584 19.2
/dense.mtx Simple 9216 8 2 271360 3.09132 63236 86756  160 616 19.2
/dense.mtx Simple 10240 8 2 272384 3.0797 63236 86756  160 648 19.2
/dense.mtx Simple 11264 8 2 273408 3.06816 63236 86756  160 680 19.2
/dense.mtx Simple 12288 8 2 274432 3.05672 63236 86756  160 712 19.2
/dense.mtx Simple 13312 8 2 275456 3.04535 63236 86756  160 744 19.2
/dense.mtx Simple 14336 8 2 276480 3.03407 63236 86756  160 776 19.2
/dense.mtx Simple 15360 8 2 277504 3.02288 63236 86756  160 808 19.2
/dense.mtx Simple 2048 16 2 133120 6.30154 86692 119716  320 456 38.4
/dense.mtx Simple 3072 16 2 134144 6.25344 86692 119716  320 520 38.4
/dense.mtx Simple 4096 16 2 135168 6.20606 86692 119716  320 584 38.4
/dense.mtx Simple 5120 16 2 136192 6.1594 86692 119716  320 648 38.4
/dense.mtx Simple 6144 16 2 137216 6.11343 86692 119716  320 712 38.4
/dense.mtx Simple 7168 16 2 138240 6.06815 86692 119716  320 776 38.4
/dense.mtx Simple 8192 16 2 139264 6.02353 86692 119716  320 840 38.4
/dense.mtx Simple 9216 16 2 140288 5.97956 86692 119716  320 904 38.4
/dense.mtx Simple 2048 8 3 177152 4.73526 82854 114134  240 588 28.8
/dense.mtx Simple 3072 8 3 178176 4.70805 82854 114134  240 636 28.8
/dense.mtx Simple 4096 8 3 179200 4.68114 82854 114134  240 684 28.8
/dense.mtx Simple 5120 8 3 180224 4.65455 82854 114134  240 732 28.8
/dense.mtx Simple 6144 8 3 181248 4.62825 82854 114134  240 780 28.8
/dense.mtx Simple 7168 8 3 182272 4.60225 82854 114134  240 828 28.8
/dense.mtx Simple 8192 8 3 183296 4.57654 82854 114134  240 876 28.8
/dense.mtx Simple 9216 8 3 184320 4.55111 82854 114134  240 924 28.8
/dense.mtx 6.30154133120 Best 
/dense.mtx 6.30154133120 BestOverall 
/scircuit.mtx
Sorting took:  took 0.0809839 seconds.
Reading took:  took 1.51934 seconds.
File Architecture CacheSize InputWidth NumPipes EstClockCycles EstGflops LUTS FFs DSPs BRAMs MemBandwidth Observation
/scircuit.mtx Simple 2048 8 1 1.46097e+07 0.0131274 43618 59378  80 525 9.6
/scircuit.mtx Simple 3072 8 1 9.82312e+06 0.0195241 43618 59378  80 541 9.6
/scircuit.mtx Simple 4096 8 1 7.42977e+06 0.0258133 43618 59378  80 557 9.6
/scircuit.mtx Simple 5120 8 1 6.0644e+06 0.0316251 43618 59378  80 573 9.6
/scircuit.mtx Simple 6144 8 1 5.03656e+06 0.038079 43618 59378  80 589 9.6
/scircuit.mtx Simple 7168 8 1 4.35338e+06 0.0440548 43618 59378  80 605 9.6
/scircuit.mtx Simple 8192 8 1 3.84087e+06 0.0499333 43618 59378  80 621 9.6
/scircuit.mtx Simple 9216 8 1 3.50157e+06 0.0547718 43618 59378  80 637 9.6
/scircuit.mtx Simple 10240 8 1 3.15897e+06 0.060712 43618 59378  80 653 9.6
/scircuit.mtx Simple 11264 8 1 2.9945e+06 0.0640466 43618 59378  80 669 9.6
/scircuit.mtx Simple 12288 8 1 2.64386e+06 0.0725405 43618 59378  80 685 9.6
/scircuit.mtx Simple 13312 8 1 2.47453e+06 0.0775044 43618 59378  80 701 9.6
/scircuit.mtx Simple 14336 8 1 2.30335e+06 0.0832644 43618 59378  80 717 9.6
/scircuit.mtx Simple 15360 8 1 2.3154e+06 0.082831 43618 59378  80 733 9.6
/scircuit.mtx Simple 2048 16 1 1.45728e+07 0.0131606 55346 75858  160 557 19.2
/scircuit.mtx Simple 3072 16 1 9.78551e+06 0.0195991 55346 75858  160 589 19.2
/scircuit.mtx Simple 4096 16 1 7.3919e+06 0.0259456 55346 75858  160 621 19.2
/scircuit.mtx Simple 5120 16 1 6.02626e+06 0.0318252 55346 75858  160 653 19.2
/scircuit.mtx Simple 6144 16 1 4.99832e+06 0.0383703 55346 75858  160 685 19.2
/scircuit.mtx Simple 7168 16 1 4.31478e+06 0.0444488 55346 75858  160 717 19.2
/scircuit.mtx Simple 8192 16 1 3.80195e+06 0.0504444 55346 75858  160 749 19.2
/scircuit.mtx Simple 9216 16 1 3.46282e+06 0.0553846 55346 75858  160 781 19.2
/scircuit.mtx Simple 10240 16 1 3.12003e+06 0.0614696 55346 75858  160 813 19.2
/scircuit.mtx Simple 11264 16 1 2.95537e+06 0.0648945 55346 75858  160 845 19.2
/scircuit.mtx Simple 12288 16 1 2.60489e+06 0.0736257 55346 75858  160 877 19.2
/scircuit.mtx Simple 13312 16 1 2.43522e+06 0.0787556 55346 75858  160 909 19.2
/scircuit.mtx Simple 14336 16 1 2.2636e+06 0.0847264 55346 75858  160 941 19.2
/scircuit.mtx 0.08472642.2636e+06 Best 
/scircuit.mtx 0.08472642.2636e+06 BestOverall 
/torso2.mtx
Sorting took:  took 0.0658507 seconds.
Reading took:  took 1.52976 seconds.
File Architecture CacheSize InputWidth NumPipes EstClockCycles EstGflops LUTS FFs DSPs BRAMs MemBandwidth Observation
/torso2.mtx Simple 2048 8 1 6.84035e+06 0.030217 43618 59378  80 418 9.6
/torso2.mtx Simple 3072 8 1 4.63718e+06 0.0445734 43618 59378  80 434 9.6
/torso2.mtx Simple 4096 8 1 3.59561e+06 0.0574853 43618 59378  80 450 9.6
/torso2.mtx Simple 5120 8 1 2.89889e+06 0.0713012 43618 59378  80 466 9.6
/torso2.mtx Simple 6144 8 1 2.43402e+06 0.0849191 43618 59378  80 482 9.6
/torso2.mtx Simple 7168 8 1 2.20729e+06 0.0936418 43618 59378  80 498 9.6
/torso2.mtx Simple 8192 8 1 1.97644e+06 0.10458 43618 59378  80 514 9.6
/torso2.mtx Simple 9216 8 1 1.74136e+06 0.118697 43618 59378  80 530 9.6
/torso2.mtx Simple 10240 8 1 1.62844e+06 0.126928 43618 59378  80 546 9.6
/torso2.mtx Simple 11264 8 1 1.51361e+06 0.136557 43618 59378  80 562 9.6
/torso2.mtx Simple 12288 8 1 1.3966e+06 0.147999 43618 59378  80 578 9.6
/torso2.mtx Simple 13312 8 1 1.2776e+06 0.161784 43618 59378  80 594 9.6
/torso2.mtx Simple 14336 8 1 1.28682e+06 0.160625 43618 59378  80 610 9.6
/torso2.mtx Simple 15360 8 1 1.16478e+06 0.177454 43618 59378  80 626 9.6
/torso2.mtx Simple 2048 16 1 6.78359e+06 0.0304698 55346 75858  160 450 19.2
/torso2.mtx Simple 3072 16 1 4.58032e+06 0.0451267 55346 75858  160 482 19.2
/torso2.mtx Simple 4096 16 1 3.53871e+06 0.0584096 55346 75858  160 514 19.2
/torso2.mtx Simple 5120 16 1 2.84193e+06 0.0727304 55346 75858  160 546 19.2
/torso2.mtx Simple 6144 16 1 2.37705e+06 0.0869541 55346 75858  160 578 19.2
/torso2.mtx Simple 7168 16 1 2.15028e+06 0.0961245 55346 75858  160 610 19.2
/torso2.mtx Simple 8192 16 1 1.9194e+06 0.107687 55346 75858  160 642 19.2
/torso2.mtx Simple 9216 16 1 1.68437e+06 0.122713 55346 75858  160 674 19.2
/torso2.mtx Simple 10240 16 1 1.57147e+06 0.13153 55346 75858  160 706 19.2
/torso2.mtx Simple 11264 16 1 1.45657e+06 0.141905 55346 75858  160 738 19.2
/torso2.mtx Simple 12288 16 1 1.33957e+06 0.154299 55346 75858  160 770 19.2
/torso2.mtx Simple 13312 16 1 1.22055e+06 0.169345 55346 75858  160 802 19.2
/torso2.mtx Simple 14336 16 1 1.22976e+06 0.168077 55346 75858  160 834 19.2
/torso2.mtx Simple 15360 16 1 1.1077e+06 0.186599 55346 75858  160 866 19.2
/torso2.mtx Simple 2048 8 2 3.4786e+06 0.059419 63236 86756  160 836 19.2
/torso2.mtx Simple 3072 8 2 2.37698e+06 0.0869567 63236 86756  160 868 19.2
/torso2.mtx Simple 4096 8 2 1.85718e+06 0.111295 63236 86756  160 900 19.2
/torso2.mtx Simple 5120 8 2 1.50832e+06 0.137036 63236 86756  160 932 19.2
/torso2.mtx Simple 2048 16 2 3.4502e+06 0.0599081 86692 119716  320 900 38.4
/torso2.mtx 0.1865991.1077e+06 Best 
/torso2.mtx 0.1865991.1077e+06 BestOverall 
/rma10.mtx
Sorting took:  took 0.201891 seconds.
Reading took:  took 3.67102 seconds.
File Architecture CacheSize InputWidth NumPipes EstClockCycles EstGflops LUTS FFs DSPs BRAMs MemBandwidth Observation
/rma10.mtx Simple 2048 8 1 1.41118e+06 0.336455 43618 59378  80 283 9.6
/rma10.mtx Simple 3072 8 1 1.08571e+06 0.437317 43618 59378  80 299 9.6
/rma10.mtx Simple 4096 8 1 898509 0.528431 43618 59378  80 315 9.6
/rma10.mtx Simple 5120 8 1 807724 0.587825 43618 59378  80 331 9.6
/rma10.mtx Simple 6144 8 1 711731 0.667106 43618 59378  80 347 9.6
/rma10.mtx Simple 7168 8 1 666363 0.712525 43618 59378  80 363 9.6
/rma10.mtx Simple 8192 8 1 618054 0.768218 43618 59378  80 379 9.6
/rma10.mtx Simple 9216 8 1 624708 0.760035 43618 59378  80 395 9.6
/rma10.mtx Simple 10240 8 1 573634 0.827706 43618 59378  80 411 9.6
/rma10.mtx Simple 11264 8 1 578882 0.820202 43618 59378  80 427 9.6
/rma10.mtx Simple 12288 8 1 524970 0.904433 43618 59378  80 443 9.6
/rma10.mtx Simple 13312 8 1 528771 0.897932 43618 59378  80 459 9.6
/rma10.mtx Simple 14336 8 1 533130 0.89059 43618 59378  80 475 9.6
/rma10.mtx Simple 15360 8 1 536767 0.884555 43618 59378  80 491 9.6
/rma10.mtx Simple 2048 16 1 1.26767e+06 0.374545 55346 75858  160 315 19.2
/rma10.mtx Simple 3072 16 1 942097 0.503982 55346 75858  160 347 19.2
/rma10.mtx Simple 4096 16 1 754762 0.629073 55346 75858  160 379 19.2
/rma10.mtx Simple 5120 16 1 663654 0.715433 55346 75858  160 411 19.2
/rma10.mtx Simple 6144 16 1 567717 0.836333 55346 75858  160 443 19.2
/rma10.mtx Simple 7168 16 1 522163 0.909295 55346 75858  160 475 19.2
/rma10.mtx Simple 8192 16 1 474034 1.00162 55346 75858  160 507 19.2
/rma10.mtx Simple 9216 16 1 480426 0.98829 55346 75858  160 539 19.2
/rma10.mtx Simple 10240 16 1 429429 1.10565 55346 75858  160 571 19.2
/rma10.mtx Simple 11264 16 1 434699 1.09225 55346 75858  160 603 19.2
/rma10.mtx Simple 12288 16 1 380621 1.24744 55346 75858  160 635 19.2
/rma10.mtx Simple 13312 16 1 384606 1.23451 55346 75858  160 667 19.2
/rma10.mtx Simple 14336 16 1 388911 1.22085 55346 75858  160 699 19.2
/rma10.mtx Simple 15360 16 1 392646 1.20923 55346 75858  160 731 19.2
/rma10.mtx Simple 2048 8 2 740639 0.641068 63236 86756  160 566 19.2
/rma10.mtx Simple 3072 8 2 579018 0.820009 63236 86756  160 598 19.2
/rma10.mtx Simple 4096 8 2 485284 0.978397 63236 86756  160 630 19.2
/rma10.mtx Simple 5120 8 2 440369 1.07819 63236 86756  160 662 19.2
/rma10.mtx Simple 6144 8 2 391569 1.21256 63236 86756  160 694 19.2
/rma10.mtx Simple 7168 8 2 369473 1.28507 63236 86756  160 726 19.2
/rma10.mtx Simple 8192 8 2 344799 1.37703 63236 86756  160 758 19.2
/rma10.mtx Simple 9216 8 2 351335 1.35142 63236 86756  160 790 19.2
/rma10.mtx Simple 10240 8 2 323985 1.4655 63236 86756  160 822 19.2
/rma10.mtx Simple 11264 8 2 328437 1.44564 63236 86756  160 854 19.2
/rma10.mtx Simple 12288 8 2 297877 1.59395 63236 86756  160 886 19.2
/rma10.mtx Simple 13312 8 2 301975 1.57232 63236 86756  160 918 19.2
/rma10.mtx Simple 14336 8 2 306490 1.54915 63236 86756  160 950 19.2
/rma10.mtx Simple 2048 16 2 663177 0.715948 86692 119716  320 630 38.4
/rma10.mtx Simple 3072 16 2 501495 0.94677 86692 119716  320 694 38.4
/rma10.mtx Simple 4096 16 2 407715 1.16454 86692 119716  320 758 38.4
/rma10.mtx Simple 5120 16 2 362894 1.30837 86692 119716  320 822 38.4
/rma10.mtx Simple 6144 16 2 314039 1.51191 86692 119716  320 886 38.4
/rma10.mtx Simple 7168 16 2 291759 1.62737 86692 119716  320 950 38.4
/rma10.mtx Simple 2048 8 3 517014 0.918351 82854 114134  240 849 28.8
/rma10.mtx Simple 3072 8 3 409835 1.15852 82854 114134  240 897 28.8
/rma10.mtx Simple 4096 8 3 347672 1.36566 82854 114134  240 945 28.8
/rma10.mtx 1.62737291759 Best 
/rma10.mtx 1.62737291759 BestOverall 
/t2d_q9_A_01.mtx
Sorting took:  took 0.0048664 seconds.
Reading took:  took 0.123596 seconds.
File Architecture CacheSize InputWidth NumPipes EstClockCycles EstGflops LUTS FFs DSPs BRAMs MemBandwidth Observation
/t2d_q9_A_01.mtx Simple 2048 8 1 68895 0.252631 43618 59378  80 211 9.6
/t2d_q9_A_01.mtx Simple 3072 8 1 61141 0.28467 43618 59378  80 227 9.6
/t2d_q9_A_01.mtx Simple 4096 8 1 51342 0.339001 43618 59378  80 243 9.6
/t2d_q9_A_01.mtx Simple 5120 8 1 39493 0.440711 43618 59378  80 259 9.6
/t2d_q9_A_01.mtx Simple 6144 8 1 41544 0.418953 43618 59378  80 275 9.6
/t2d_q9_A_01.mtx Simple 7168 8 1 43589 0.399298 43618 59378  80 291 9.6
/t2d_q9_A_01.mtx Simple 8192 8 1 45639 0.381362 43618 59378  80 307 9.6
/t2d_q9_A_01.mtx Simple 9216 8 1 47686 0.364992 43618 59378  80 323 9.6
/t2d_q9_A_01.mtx Simple 10240 8 1 29695 0.586126 43618 59378  80 339 9.6
/t2d_q9_A_01.mtx Simple 11264 8 1 30719 0.566587 43618 59378  80 355 9.6
/t2d_q9_A_01.mtx Simple 12288 8 1 31743 0.54831 43618 59378  80 371 9.6
/t2d_q9_A_01.mtx Simple 13312 8 1 32767 0.531175 43618 59378  80 387 9.6
/t2d_q9_A_01.mtx Simple 14336 8 1 33791 0.515078 43618 59378  80 403 9.6
/t2d_q9_A_01.mtx Simple 15360 8 1 34815 0.499928 43618 59378  80 419 9.6
/t2d_q9_A_01.mtx Simple 2048 16 1 64072 0.271648 55346 75858  160 243 19.2
/t2d_q9_A_01.mtx Simple 3072 16 1 56316 0.30906 55346 75858  160 275 19.2
/t2d_q9_A_01.mtx Simple 4096 16 1 46519 0.374148 55346 75858  160 307 19.2
/t2d_q9_A_01.mtx Simple 5120 16 1 34668 0.502048 55346 75858  160 339 19.2
/t2d_q9_A_01.mtx Simple 6144 16 1 36717 0.474031 55346 75858  160 371 19.2
/t2d_q9_A_01.mtx Simple 7168 16 1 38765 0.448987 55346 75858  160 403 19.2
/t2d_q9_A_01.mtx Simple 8192 16 1 40814 0.426447 55346 75858  160 435 19.2
/t2d_q9_A_01.mtx Simple 9216 16 1 42859 0.406099 55346 75858  160 467 19.2
/t2d_q9_A_01.mtx Simple 10240 16 1 24868 0.699895 55346 75858  160 499 19.2
/t2d_q9_A_01.mtx Simple 11264 16 1 25892 0.672215 55346 75858  160 531 19.2
/t2d_q9_A_01.mtx Simple 12288 16 1 26916 0.646641 55346 75858  160 563 19.2
/t2d_q9_A_01.mtx Simple 13312 16 1 27940 0.622942 55346 75858  160 595 19.2
/t2d_q9_A_01.mtx Simple 14336 16 1 28964 0.600918 55346 75858  160 627 19.2
/t2d_q9_A_01.mtx Simple 15360 16 1 29988 0.580399 55346 75858  160 659 19.2
/t2d_q9_A_01.mtx Simple 2048 8 2 39579 0.439753 63236 86756  160 422 19.2
/t2d_q9_A_01.mtx Simple 3072 8 2 36727 0.473902 63236 86756  160 454 19.2
/t2d_q9_A_01.mtx Simple 4096 8 2 31828 0.546846 63236 86756  160 486 19.2
/t2d_q9_A_01.mtx Simple 5120 8 2 24879 0.699586 63236 86756  160 518 19.2
/t2d_q9_A_01.mtx Simple 6144 8 2 26926 0.646401 63236 86756  160 550 19.2
/t2d_q9_A_01.mtx Simple 7168 8 2 28976 0.60067 63236 86756  160 582 19.2
/t2d_q9_A_01.mtx Simple 8192 8 2 31023 0.561035 63236 86756  160 614 19.2
/t2d_q9_A_01.mtx Simple 9216 8 2 33073 0.52626 63236 86756  160 646 19.2
/t2d_q9_A_01.mtx Simple 10240 8 2 19980 0.871121 63236 86756  160 678 19.2
/t2d_q9_A_01.mtx Simple 11264 8 2 21004 0.828652 63236 86756  160 710 19.2
/t2d_q9_A_01.mtx Simple 12288 8 2 22028 0.790131 63236 86756  160 742 19.2
/t2d_q9_A_01.mtx Simple 13312 8 2 23052 0.755032 63236 86756  160 774 19.2
/t2d_q9_A_01.mtx Simple 14336 8 2 24076 0.722919 63236 86756  160 806 19.2
/t2d_q9_A_01.mtx Simple 15360 8 2 25100 0.693426 63236 86756  160 838 19.2
/t2d_q9_A_01.mtx Simple 2048 16 2 37164 0.46833 86692 119716  320 486 38.4
/t2d_q9_A_01.mtx Simple 3072 16 2 34311 0.507272 86692 119716  320 550 38.4
/t2d_q9_A_01.mtx Simple 4096 16 2 29410 0.591806 86692 119716  320 614 38.4
/t2d_q9_A_01.mtx Simple 5120 16 2 22461 0.774899 86692 119716  320 678 38.4
/t2d_q9_A_01.mtx Simple 6144 16 2 24510 0.710118 86692 119716  320 742 38.4
/t2d_q9_A_01.mtx Simple 7168 16 2 26557 0.655383 86692 119716  320 806 38.4
/t2d_q9_A_01.mtx Simple 8192 16 2 28605 0.60846 86692 119716  320 870 38.4
/t2d_q9_A_01.mtx Simple 9216 16 2 30655 0.56777 86692 119716  320 934 38.4
/t2d_q9_A_01.mtx Simple 2048 8 3 29820 0.583669 82854 114134  240 633 28.8
/t2d_q9_A_01.mtx Simple 3072 8 3 28598 0.608609 82854 114134  240 681 28.8
/t2d_q9_A_01.mtx Simple 4096 8 3 25333 0.687049 82854 114134  240 729 28.8
/t2d_q9_A_01.mtx Simple 5120 8 3 20012 0.869728 82854 114134  240 777 28.8
/t2d_q9_A_01.mtx Simple 6144 8 3 22064 0.788842 82854 114134  240 825 28.8
/t2d_q9_A_01.mtx Simple 7168 8 3 24112 0.72184 82854 114134  240 873 28.8
/t2d_q9_A_01.mtx Simple 8192 8 3 26160 0.665329 82854 114134  240 921 28.8
/t2d_q9_A_01.mtx 0.87112119980 Best 
/t2d_q9_A_01.mtx 0.87112119980 BestOverall 
/dw8192.mtx
Sorting took:  took 0.00261325 seconds.
Reading took:  took 0.0585536 seconds.
File Architecture CacheSize InputWidth NumPipes EstClockCycles EstGflops LUTS FFs DSPs BRAMs MemBandwidth Observation
/dw8192.mtx Simple 2048 8 1 44968 0.18567 43618 59378  80 208 9.6
/dw8192.mtx Simple 3072 8 1 37803 0.220861 43618 59378  80 224 9.6
/dw8192.mtx Simple 4096 8 1 28628 0.291645 43618 59378  80 240 9.6
/dw8192.mtx Simple 5120 8 1 30782 0.271236 43618 59378  80 256 9.6
/dw8192.mtx Simple 6144 8 1 32845 0.2542 43618 59378  80 272 9.6
/dw8192.mtx Simple 7168 8 1 34902 0.239218 43618 59378  80 288 9.6
/dw8192.mtx Simple 8192 8 1 20625 0.40481 43618 59378  80 304 9.6
/dw8192.mtx Simple 9216 8 1 21649 0.385662 43618 59378  80 320 9.6
/dw8192.mtx Simple 10240 8 1 22673 0.368244 43618 59378  80 336 9.6
/dw8192.mtx Simple 11264 8 1 23697 0.352332 43618 59378  80 352 9.6
/dw8192.mtx Simple 12288 8 1 24721 0.337737 43618 59378  80 368 9.6
/dw8192.mtx Simple 13312 8 1 25745 0.324304 43618 59378  80 384 9.6
/dw8192.mtx Simple 14336 8 1 26769 0.311898 43618 59378  80 400 9.6
/dw8192.mtx Simple 15360 8 1 27793 0.300407 43618 59378  80 416 9.6
/dw8192.mtx Simple 2048 16 1 42963 0.194335 55346 75858  160 240 19.2
/dw8192.mtx Simple 3072 16 1 35797 0.233237 55346 75858  160 272 19.2
/dw8192.mtx Simple 4096 16 1 26602 0.313856 55346 75858  160 304 19.2
/dw8192.mtx Simple 5120 16 1 28728 0.290629 55346 75858  160 336 19.2
/dw8192.mtx Simple 6144 16 1 30732 0.271678 55346 75858  160 368 19.2
/dw8192.mtx Simple 7168 16 1 32809 0.254479 55346 75858  160 400 19.2
/dw8192.mtx Simple 8192 16 1 18495 0.45143 55346 75858  160 432 19.2
/dw8192.mtx Simple 9216 16 1 19519 0.427747 55346 75858  160 464 19.2
/dw8192.mtx Simple 10240 16 1 20543 0.406426 55346 75858  160 496 19.2
/dw8192.mtx Simple 11264 16 1 21567 0.387128 55346 75858  160 528 19.2
/dw8192.mtx Simple 12288 16 1 22591 0.369581 55346 75858  160 560 19.2
/dw8192.mtx Simple 13312 16 1 23615 0.353555 55346 75858  160 592 19.2
/dw8192.mtx Simple 14336 16 1 24639 0.338861 55346 75858  160 624 19.2
/dw8192.mtx Simple 15360 16 1 25663 0.32534 55346 75858  160 656 19.2
/dw8192.mtx Simple 2048 8 2 26600 0.31388 63236 86756  160 416 19.2
/dw8192.mtx Simple 3072 8 2 23520 0.354983 63236 86756  160 448 19.2
/dw8192.mtx Simple 4096 8 2 18420 0.453268 63236 86756  160 480 19.2
/dw8192.mtx Simple 5120 8 2 20471 0.407855 63236 86756  160 512 19.2
/dw8192.mtx Simple 6144 8 2 22555 0.370171 63236 86756  160 544 19.2
/dw8192.mtx Simple 7168 8 2 24649 0.338724 63236 86756  160 576 19.2
/dw8192.mtx Simple 8192 8 2 14440 0.578199 63236 86756  160 608 19.2
/dw8192.mtx Simple 9216 8 2 15464 0.539912 63236 86756  160 640 19.2
/dw8192.mtx Simple 10240 8 2 16488 0.50638 63236 86756  160 672 19.2
/dw8192.mtx Simple 11264 8 2 17512 0.47677 63236 86756  160 704 19.2
/dw8192.mtx Simple 12288 8 2 18536 0.450432 63236 86756  160 736 19.2
/dw8192.mtx Simple 13312 8 2 19560 0.426851 63236 86756  160 768 19.2
/dw8192.mtx Simple 14336 8 2 20584 0.405616 63236 86756  160 800 19.2
/dw8192.mtx Simple 15360 8 2 21608 0.386394 63236 86756  160 832 19.2
/dw8192.mtx Simple 2048 16 2 25587 0.326306 86692 119716  320 480 38.4
/dw8192.mtx Simple 3072 16 2 22512 0.370878 86692 119716  320 544 38.4
/dw8192.mtx Simple 4096 16 2 17402 0.479784 86692 119716  320 608 38.4
/dw8192.mtx Simple 5120 16 2 19469 0.428846 86692 119716  320 672 38.4
/dw8192.mtx Simple 6144 16 2 21548 0.38747 86692 119716  320 736 38.4
/dw8192.mtx Simple 7168 16 2 23607 0.353675 86692 119716  320 800 38.4
/dw8192.mtx Simple 8192 16 2 13368 0.624566 86692 119716  320 864 38.4
/dw8192.mtx Simple 9216 16 2 14392 0.580128 86692 119716  320 928 38.4
/dw8192.mtx Simple 2048 8 3 20461 0.408054 82854 114134  240 624 28.8
/dw8192.mtx Simple 3072 8 3 18763 0.444982 82854 114134  240 672 28.8
/dw8192.mtx Simple 4096 8 3 15027 0.555613 82854 114134  240 720 28.8
/dw8192.mtx Simple 5120 8 3 17076 0.488944 82854 114134  240 768 28.8
/dw8192.mtx Simple 6144 8 3 19165 0.435648 82854 114134  240 816 28.8
/dw8192.mtx Simple 7168 8 3 21236 0.393163 82854 114134  240 864 28.8
/dw8192.mtx Simple 8192 8 3 12361 0.675447 82854 114134  240 912 28.8
/dw8192.mtx 0.67544712361 Best 
/dw8192.mtx 0.67544712361 BestOverall 
/mac_econ_fwd500.mtx
Sorting took:  took 0.101943 seconds.
Reading took:  took 1.98632 seconds.
File Architecture CacheSize InputWidth NumPipes EstClockCycles EstGflops LUTS FFs DSPs BRAMs MemBandwidth Observation
/mac_econ_fwd500.mtx Simple 2048 8 1 2.11917e+07 0.0120178 43618 59378  80 595 9.6
/mac_econ_fwd500.mtx Simple 3072 8 1 1.43813e+07 0.017709 43618 59378  80 611 9.6
/mac_econ_fwd500.mtx Simple 4096 8 1 1.08712e+07 0.0234268 43618 59378  80 627 9.6
/mac_econ_fwd500.mtx Simple 5120 8 1 8.80768e+06 0.0289154 43618 59378  80 643 9.6
/mac_econ_fwd500.mtx Simple 6144 8 1 7.36183e+06 0.0345944 43618 59378  80 659 9.6
/mac_econ_fwd500.mtx Simple 7168 8 1 6.32892e+06 0.0402403 43618 59378  80 675 9.6
/mac_econ_fwd500.mtx Simple 8192 8 1 5.71391e+06 0.0445715 43618 59378  80 691 9.6
/mac_econ_fwd500.mtx Simple 9216 8 1 5.09395e+06 0.0499961 43618 59378  80 707 9.6
/mac_econ_fwd500.mtx Simple 10240 8 1 4.6834e+06 0.0543788 43618 59378  80 723 9.6
/mac_econ_fwd500.mtx Simple 11264 8 1 4.26978e+06 0.0596465 43618 59378  80 739 9.6
/mac_econ_fwd500.mtx Simple 12288 8 1 3.85226e+06 0.0661113 43618 59378  80 755 9.6
/mac_econ_fwd500.mtx Simple 13312 8 1 3.65024e+06 0.0697702 43618 59378  80 771 9.6
/mac_econ_fwd500.mtx Simple 14336 8 1 3.44585e+06 0.0739085 43618 59378  80 787 9.6
/mac_econ_fwd500.mtx Simple 15360 8 1 3.23966e+06 0.0786124 43618 59378  80 803 9.6
/mac_econ_fwd500.mtx Simple 2048 16 1 2.11276e+07 0.0120543 55346 75858  160 627 19.2
/mac_econ_fwd500.mtx Simple 3072 16 1 1.4316e+07 0.0177897 55346 75858  160 659 19.2
/mac_econ_fwd500.mtx Simple 4096 16 1 1.08058e+07 0.0235686 55346 75858  160 691 19.2
/mac_econ_fwd500.mtx Simple 5120 16 1 8.74192e+06 0.0291329 55346 75858  160 723 19.2
/mac_econ_fwd500.mtx Simple 6144 16 1 7.29589e+06 0.034907 55346 75858  160 755 19.2
/mac_econ_fwd500.mtx Simple 7168 16 1 6.26259e+06 0.0406665 55346 75858  160 787 19.2
/mac_econ_fwd500.mtx Simple 8192 16 1 5.6479e+06 0.0450925 55346 75858  160 819 19.2
/mac_econ_fwd500.mtx Simple 9216 16 1 5.02775e+06 0.0506544 55346 75858  160 851 19.2
/mac_econ_fwd500.mtx Simple 10240 16 1 4.61746e+06 0.0551554 55346 75858  160 883 19.2
/mac_econ_fwd500.mtx Simple 11264 16 1 4.2037e+06 0.0605842 55346 75858  160 915 19.2
/mac_econ_fwd500.mtx Simple 12288 16 1 3.78583e+06 0.0672713 55346 75858  160 947 19.2
/mac_econ_fwd500.mtx 0.07861243.23966e+06 Best 
/mac_econ_fwd500.mtx 0.07861243.23966e+06 BestOverall 
/conf5_4-8x8-05.mtx
Sorting took:  took 0.17257 seconds.
Reading took:  took 2.87023 seconds.
File Architecture CacheSize InputWidth NumPipes EstClockCycles EstGflops LUTS FFs DSPs BRAMs MemBandwidth Observation
/conf5_4-8x8-05.mtx Simple 2048 8 1 1.4388e+06 0.266462 43618 59378  80 288 9.6
/conf5_4-8x8-05.mtx Simple 3072 8 1 1.04448e+06 0.367059 43618 59378  80 304 9.6
/conf5_4-8x8-05.mtx Simple 4096 8 1 857284 0.44721 43618 59378  80 320 9.6
/conf5_4-8x8-05.mtx Simple 5120 8 1 760036 0.504431 43618 59378  80 336 9.6
/conf5_4-8x8-05.mtx Simple 6144 8 1 651264 0.588679 43618 59378  80 352 9.6
/conf5_4-8x8-05.mtx Simple 7168 8 1 616174 0.622203 43618 59378  80 368 9.6
/conf5_4-8x8-05.mtx Simple 8192 8 1 569568 0.673116 43618 59378  80 384 9.6
/conf5_4-8x8-05.mtx Simple 9216 8 1 569664 0.673003 43618 59378  80 400 9.6
/conf5_4-8x8-05.mtx Simple 10240 8 1 523629 0.73217 43618 59378  80 416 9.6
/conf5_4-8x8-05.mtx Simple 11264 8 1 525914 0.728989 43618 59378  80 432 9.6
/conf5_4-8x8-05.mtx Simple 12288 8 1 473088 0.81039 43618 59378  80 448 9.6
/conf5_4-8x8-05.mtx Simple 13312 8 1 475321 0.806582 43618 59378  80 464 9.6
/conf5_4-8x8-05.mtx Simple 14336 8 1 478968 0.800441 43618 59378  80 480 9.6
/conf5_4-8x8-05.mtx Simple 15360 8 1 484800 0.790812 43618 59378  80 496 9.6
/conf5_4-8x8-05.mtx Simple 2048 16 1 1.33374e+06 0.287452 55346 75858  160 320 19.2
/conf5_4-8x8-05.mtx Simple 3072 16 1 940032 0.407843 55346 75858  160 352 19.2
/conf5_4-8x8-05.mtx Simple 4096 16 1 748146 0.512448 55346 75858  160 384 19.2
/conf5_4-8x8-05.mtx Simple 5120 16 1 651360 0.588592 55346 75858  160 416 19.2
/conf5_4-8x8-05.mtx Simple 6144 16 1 546816 0.701124 55346 75858  160 448 19.2
/conf5_4-8x8-05.mtx Simple 7168 16 1 505256 0.758795 55346 75858  160 480 19.2
/conf5_4-8x8-05.mtx Simple 8192 16 1 456856 0.839183 55346 75858  160 512 19.2
/conf5_4-8x8-05.mtx Simple 9216 16 1 459936 0.833563 55346 75858  160 544 19.2
/conf5_4-8x8-05.mtx Simple 10240 16 1 410333 0.934328 55346 75858  160 576 19.2
/conf5_4-8x8-05.mtx Simple 11264 16 1 414012 0.926025 55346 75858  160 608 19.2
/conf5_4-8x8-05.mtx Simple 12288 16 1 359424 1.06667 55346 75858  160 640 19.2
/conf5_4-8x8-05.mtx Simple 13312 16 1 362606 1.05731 55346 75858  160 672 19.2
/conf5_4-8x8-05.mtx Simple 14336 16 1 366478 1.04614 55346 75858  160 704 19.2
/conf5_4-8x8-05.mtx Simple 15360 16 1 371424 1.0322 55346 75858  160 736 19.2
/conf5_4-8x8-05.mtx Simple 2048 8 2 743976 0.51532 63236 86756  160 576 19.2
/conf5_4-8x8-05.mtx Simple 3072 8 2 546816 0.701124 63236 86756  160 608 19.2
/conf5_4-8x8-05.mtx Simple 4096 8 2 453218 0.845919 63236 86756  160 640 19.2
/conf5_4-8x8-05.mtx Simple 5120 8 2 405444 0.945594 63236 86756  160 672 19.2
/conf5_4-8x8-05.mtx Simple 6144 8 2 350208 1.09474 63236 86756  160 704 19.2
/conf5_4-8x8-05.mtx Simple 7168 8 2 334198 1.14718 63236 86756  160 736 19.2
/conf5_4-8x8-05.mtx Simple 8192 8 2 309360 1.23929 63236 86756  160 768 19.2
/conf5_4-8x8-05.mtx Simple 9216 8 2 312576 1.22654 63236 86756  160 800 19.2
/conf5_4-8x8-05.mtx Simple 10240 8 2 287351 1.33421 63236 86756  160 832 19.2
/conf5_4-8x8-05.mtx Simple 11264 8 2 291892 1.31345 63236 86756  160 864 19.2
/conf5_4-8x8-05.mtx Simple 12288 8 2 261120 1.46824 63236 86756  160 896 19.2
/conf5_4-8x8-05.mtx Simple 13312 8 2 265149 1.44593 63236 86756  160 928 19.2
/conf5_4-8x8-05.mtx Simple 2048 16 2 691444 0.554471 86692 119716  320 640 38.4
/conf5_4-8x8-05.mtx Simple 3072 16 2 494592 0.775155 86692 119716  320 704 38.4
/conf5_4-8x8-05.mtx Simple 4096 16 2 398649 0.961712 86692 119716  320 768 38.4
/conf5_4-8x8-05.mtx Simple 5120 16 2 351198 1.09165 86692 119716  320 832 38.4
/conf5_4-8x8-05.mtx Simple 6144 16 2 297984 1.2866 86692 119716  320 896 38.4
/conf5_4-8x8-05.mtx Simple 2048 8 3 513032 0.747294 82854 114134  240 864 28.8
/conf5_4-8x8-05.mtx Simple 3072 8 3 381696 1.00443 82854 114134  240 912 28.8
/conf5_4-8x8-05.mtx 1.46824261120 Best 
/conf5_4-8x8-05.mtx 1.46824261120 BestOverall 
/psmigr_2.mtx
Sorting took:  took 0.0506024 seconds.
Reading took:  took 0.794255 seconds.
File Architecture CacheSize InputWidth NumPipes EstClockCycles EstGflops LUTS FFs DSPs BRAMs MemBandwidth Observation
/psmigr_2.mtx Simple 2048 8 1 77067 1.40144 43618 59378  80 198 9.6
/psmigr_2.mtx Simple 3072 8 1 79278 1.36235 43618 59378  80 214 9.6
/psmigr_2.mtx Simple 4096 8 1 74372 1.45222 43618 59378  80 230 9.6
/psmigr_2.mtx Simple 5120 8 1 75396 1.4325 43618 59378  80 246 9.6
/psmigr_2.mtx Simple 6144 8 1 76420 1.4133 43618 59378  80 262 9.6
/psmigr_2.mtx Simple 7168 8 1 77444 1.39461 43618 59378  80 278 9.6
/psmigr_2.mtx Simple 8192 8 1 78468 1.37641 43618 59378  80 294 9.6
/psmigr_2.mtx Simple 9216 8 1 79492 1.35868 43618 59378  80 310 9.6
/psmigr_2.mtx Simple 10240 8 1 80516 1.3414 43618 59378  80 326 9.6
/psmigr_2.mtx Simple 11264 8 1 81540 1.32456 43618 59378  80 342 9.6
/psmigr_2.mtx Simple 12288 8 1 82564 1.30813 43618 59378  80 358 9.6
/psmigr_2.mtx Simple 13312 8 1 83588 1.2921 43618 59378  80 374 9.6
/psmigr_2.mtx Simple 14336 8 1 84612 1.27647 43618 59378  80 390 9.6
/psmigr_2.mtx Simple 15360 8 1 85636 1.2612 43618 59378  80 406 9.6
/psmigr_2.mtx Simple 2048 16 1 43732 2.46969 55346 75858  160 230 19.2
/psmigr_2.mtx Simple 3072 16 1 45847 2.35576 55346 75858  160 262 19.2
/psmigr_2.mtx Simple 4096 16 1 40799 2.64723 55346 75858  160 294 19.2
/psmigr_2.mtx Simple 5120 16 1 41823 2.58242 55346 75858  160 326 19.2
/psmigr_2.mtx Simple 6144 16 1 42847 2.5207 55346 75858  160 358 19.2
/psmigr_2.mtx Simple 7168 16 1 43871 2.46186 55346 75858  160 390 19.2
/psmigr_2.mtx Simple 8192 16 1 44895 2.40571 55346 75858  160 422 19.2
/psmigr_2.mtx Simple 9216 16 1 45919 2.35206 55346 75858  160 454 19.2
/psmigr_2.mtx Simple 10240 16 1 46943 2.30076 55346 75858  160 486 19.2
/psmigr_2.mtx Simple 11264 16 1 47967 2.25164 55346 75858  160 518 19.2
/psmigr_2.mtx Simple 12288 16 1 48991 2.20458 55346 75858  160 550 19.2
/psmigr_2.mtx Simple 13312 16 1 50015 2.15944 55346 75858  160 582 19.2
/psmigr_2.mtx Simple 14336 16 1 51039 2.11612 55346 75858  160 614 19.2
/psmigr_2.mtx Simple 15360 16 1 52063 2.07449 55346 75858  160 646 19.2
/psmigr_2.mtx Simple 2048 8 2 41060 2.6304 63236 86756  160 396 19.2
/psmigr_2.mtx Simple 3072 8 2 43196 2.50033 63236 86756  160 428 19.2
/psmigr_2.mtx Simple 4096 8 2 39721 2.71908 63236 86756  160 460 19.2
/psmigr_2.mtx Simple 5120 8 2 40745 2.65074 63236 86756  160 492 19.2
/psmigr_2.mtx Simple 6144 8 2 41769 2.58575 63236 86756  160 524 19.2
/psmigr_2.mtx Simple 7168 8 2 42793 2.52388 63236 86756  160 556 19.2
/psmigr_2.mtx Simple 8192 8 2 43817 2.4649 63236 86756  160 588 19.2
/psmigr_2.mtx Simple 9216 8 2 44841 2.40861 63236 86756  160 620 19.2
/psmigr_2.mtx Simple 10240 8 2 45865 2.35483 63236 86756  160 652 19.2
/psmigr_2.mtx Simple 11264 8 2 46889 2.30341 63236 86756  160 684 19.2
/psmigr_2.mtx Simple 12288 8 2 47913 2.25418 63236 86756  160 716 19.2
/psmigr_2.mtx Simple 13312 8 2 48937 2.20701 63236 86756  160 748 19.2
/psmigr_2.mtx Simple 14336 8 2 49961 2.16177 63236 86756  160 780 19.2
/psmigr_2.mtx Simple 15360 8 2 50985 2.11836 63236 86756  160 812 19.2
/psmigr_2.mtx Simple 2048 16 2 24149 4.47242 86692 119716  320 460 38.4
/psmigr_2.mtx Simple 3072 16 2 26237 4.11649 86692 119716  320 524 38.4
/psmigr_2.mtx Simple 4096 16 2 22692 4.75958 86692 119716  320 588 38.4
/psmigr_2.mtx Simple 5120 16 2 23716 4.55407 86692 119716  320 652 38.4
/psmigr_2.mtx Simple 6144 16 2 24740 4.36558 86692 119716  320 716 38.4
/psmigr_2.mtx Simple 7168 16 2 25764 4.19207 86692 119716  320 780 38.4
/psmigr_2.mtx Simple 8192 16 2 26788 4.03182 86692 119716  320 844 38.4
/psmigr_2.mtx Simple 9216 16 2 27812 3.88337 86692 119716  320 908 38.4
/psmigr_2.mtx Simple 2048 8 3 29445 3.668 82854 114134  240 594 28.8
/psmigr_2.mtx Simple 3072 8 3 31545 3.42382 82854 114134  240 642 28.8
/psmigr_2.mtx Simple 4096 8 3 28543 3.78392 82854 114134  240 690 28.8
/psmigr_2.mtx Simple 5120 8 3 29567 3.65287 82854 114134  240 738 28.8
/psmigr_2.mtx Simple 6144 8 3 30591 3.53059 82854 114134  240 786 28.8
/psmigr_2.mtx Simple 7168 8 3 31615 3.41624 82854 114134  240 834 28.8
/psmigr_2.mtx Simple 8192 8 3 32639 3.30906 82854 114134  240 882 28.8
/psmigr_2.mtx Simple 9216 8 3 33663 3.2084 82854 114134  240 930 28.8
/psmigr_2.mtx 4.7595822692 Best 
/psmigr_2.mtx 4.7595822692 BestOverall 
/consph.mtx
Sorting took:  took 0.531493 seconds.
Reading took:  took 5.08147 seconds.
File Architecture CacheSize InputWidth NumPipes EstClockCycles EstGflops LUTS FFs DSPs BRAMs MemBandwidth Observation
/consph.mtx Simple 2048 8 1 4.2252e+06 0.284506 43618 59378  80 354 9.6
/consph.mtx Simple 3072 8 1 3.14763e+06 0.381905 43618 59378  80 370 9.6
/consph.mtx Simple 4096 8 1 2.56766e+06 0.468169 43618 59378  80 386 9.6
/consph.mtx Simple 5120 8 1 2.23697e+06 0.537376 43618 59378  80 402 9.6
/consph.mtx Simple 6144 8 1 1.98683e+06 0.605033 43618 59378  80 418 9.6
/consph.mtx Simple 7168 8 1 1.82149e+06 0.659951 43618 59378  80 434 9.6
/consph.mtx Simple 8192 8 1 1.74234e+06 0.689931 43618 59378  80 450 9.6
/consph.mtx Simple 9216 8 1 1.66144e+06 0.723527 43618 59378  80 466 9.6
/consph.mtx Simple 10240 8 1 1.57888e+06 0.761361 43618 59378  80 482 9.6
/consph.mtx Simple 11264 8 1 1.49317e+06 0.805063 43618 59378  80 498 9.6
/consph.mtx Simple 12288 8 1 1.4069e+06 0.854429 43618 59378  80 514 9.6
/consph.mtx Simple 13312 8 1 1.41333e+06 0.850543 43618 59378  80 530 9.6
/consph.mtx Simple 14336 8 1 1.32333e+06 0.908389 43618 59378  80 546 9.6
/consph.mtx Simple 15360 8 1 1.32977e+06 0.903987 43618 59378  80 562 9.6
/consph.mtx Simple 2048 16 1 3.86292e+06 0.311188 55346 75858  160 386 19.2
/consph.mtx Simple 3072 16 1 2.78356e+06 0.431855 55346 75858  160 418 19.2
/consph.mtx Simple 4096 16 1 2.20184e+06 0.54595 55346 75858  160 450 19.2
/consph.mtx Simple 5120 16 1 1.87045e+06 0.642677 55346 75858  160 482 19.2
/consph.mtx Simple 6144 16 1 1.61982e+06 0.742118 55346 75858  160 514 19.2
/consph.mtx Simple 7168 16 1 1.45378e+06 0.826875 55346 75858  160 546 19.2
/consph.mtx Simple 8192 16 1 1.37464e+06 0.874477 55346 75858  160 578 19.2
/consph.mtx Simple 9216 16 1 1.29359e+06 0.929271 55346 75858  160 610 19.2
/consph.mtx Simple 10240 16 1 1.21055e+06 0.99302 55346 75858  160 642 19.2
/consph.mtx Simple 11264 16 1 1.12504e+06 1.06849 55346 75858  160 674 19.2
/consph.mtx Simple 12288 16 1 1.03817e+06 1.1579 55346 75858  160 706 19.2
/consph.mtx Simple 13312 16 1 1.04487e+06 1.15048 55346 75858  160 738 19.2
/consph.mtx Simple 14336 16 1 954692 1.25915 55346 75858  160 770 19.2
/consph.mtx Simple 15360 16 1 960870 1.25105 55346 75858  160 802 19.2
/consph.mtx Simple 2048 8 2 2.15598e+06 0.557563 63236 86756  160 708 19.2
/consph.mtx Simple 3072 8 2 1.61754e+06 0.743164 63236 86756  160 740 19.2
/consph.mtx Simple 4096 8 2 1.32693e+06 0.90592 63236 86756  160 772 19.2
/consph.mtx Simple 5120 8 2 1.1622e+06 1.03432 63236 86756  160 804 19.2
/consph.mtx Simple 6144 8 2 1.03682e+06 1.15941 63236 86756  160 836 19.2
/consph.mtx Simple 7168 8 2 954059 1.25998 63236 86756  160 868 19.2
/consph.mtx Simple 8192 8 2 917487 1.3102 63236 86756  160 900 19.2
/consph.mtx Simple 9216 8 2 877647 1.36968 63236 86756  160 932 19.2
/consph.mtx Simple 2048 16 2 1.97415e+06 0.608917 86692 119716  320 772 38.4
/consph.mtx Simple 3072 16 2 1.43523e+06 0.837561 86692 119716  320 836 38.4
/consph.mtx Simple 4096 16 2 1.14396e+06 1.05082 86692 119716  320 900 38.4
/consph.mtx 1.36968877647 Best 
/consph.mtx 1.36968877647 BestOverall 
/epb1.mtx
Sorting took:  took 0.00603671 seconds.
Reading took:  took 0.138776 seconds.
File Architecture CacheSize InputWidth NumPipes EstClockCycles EstGflops LUTS FFs DSPs BRAMs MemBandwidth Observation
/epb1.mtx Simple 2048 8 1 144120 0.131908 43618 59378  80 220 9.6
/epb1.mtx Simple 3072 8 1 98965 0.192094 43618 59378  80 236 9.6
/epb1.mtx Simple 4096 8 1 85270 0.222946 43618 59378  80 252 9.6
/epb1.mtx Simple 5120 8 1 69553 0.273325 43618 59378  80 268 9.6
/epb1.mtx Simple 6144 8 1 72634 0.261731 43618 59378  80 284 9.6
/epb1.mtx Simple 7168 8 1 75679 0.2512 43618 59378  80 300 9.6
/epb1.mtx Simple 8192 8 1 55852 0.340375 43618 59378  80 316 9.6
/epb1.mtx Simple 9216 8 1 57900 0.328335 43618 59378  80 332 9.6
/epb1.mtx Simple 10240 8 1 59944 0.317139 43618 59378  80 348 9.6
/epb1.mtx Simple 11264 8 1 61994 0.306652 43618 59378  80 364 9.6
/epb1.mtx Simple 12288 8 1 64046 0.296827 43618 59378  80 380 9.6
/epb1.mtx Simple 13312 8 1 66099 0.287608 43618 59378  80 396 9.6
/epb1.mtx Simple 14336 8 1 68138 0.279001 43618 59378  80 412 9.6
/epb1.mtx Simple 15360 8 1 40120 0.473843 43618 59378  80 428 9.6
/epb1.mtx Simple 2048 16 1 139186 0.136584 55346 75858  160 252 19.2
/epb1.mtx Simple 3072 16 1 94015 0.202208 55346 75858  160 284 19.2
/epb1.mtx Simple 4096 16 1 80281 0.236801 55346 75858  160 316 19.2
/epb1.mtx Simple 5120 16 1 64562 0.294455 55346 75858  160 348 19.2
/epb1.mtx Simple 6144 16 1 67636 0.281072 55346 75858  160 380 19.2
/epb1.mtx Simple 7168 16 1 70692 0.268922 55346 75858  160 412 19.2
/epb1.mtx Simple 8192 16 1 50849 0.373864 55346 75858  160 444 19.2
/epb1.mtx Simple 9216 16 1 52908 0.359314 55346 75858  160 476 19.2
/epb1.mtx Simple 10240 16 1 54948 0.345974 55346 75858  160 508 19.2
/epb1.mtx Simple 11264 16 1 56998 0.333531 55346 75858  160 540 19.2
/epb1.mtx Simple 12288 16 1 59044 0.321973 55346 75858  160 572 19.2
/epb1.mtx Simple 13312 16 1 61102 0.311129 55346 75858  160 604 19.2
/epb1.mtx Simple 14336 16 1 63138 0.301096 55346 75858  160 636 19.2
/epb1.mtx Simple 15360 16 1 35112 0.541427 55346 75858  160 668 19.2
/epb1.mtx Simple 2048 8 2 80267 0.236842 63236 86756  160 440 19.2
/epb1.mtx Simple 3072 8 2 57163 0.332568 63236 86756  160 472 19.2
/epb1.mtx Simple 4096 8 2 50838 0.373945 63236 86756  160 504 19.2
/epb1.mtx Simple 5120 8 2 42459 0.44774 63236 86756  160 536 19.2
/epb1.mtx Simple 6144 8 2 45529 0.417549 63236 86756  160 568 19.2
/epb1.mtx Simple 7168 8 2 48592 0.391229 63236 86756  160 600 19.2
/epb1.mtx Simple 8192 8 2 36133 0.526128 63236 86756  160 632 19.2
/epb1.mtx Simple 9216 8 2 38181 0.497907 63236 86756  160 664 19.2
/epb1.mtx Simple 10240 8 2 40229 0.47256 63236 86756  160 696 19.2
/epb1.mtx Simple 11264 8 2 42277 0.449668 63236 86756  160 728 19.2
/epb1.mtx Simple 12288 8 2 44325 0.428891 63236 86756  160 760 19.2
/epb1.mtx Simple 13312 8 2 46373 0.40995 63236 86756  160 792 19.2
/epb1.mtx Simple 14336 8 2 48421 0.392611 63236 86756  160 824 19.2
/epb1.mtx Simple 15360 8 2 27742 0.685264 63236 86756  160 856 19.2
/epb1.mtx Simple 2048 16 2 77799 0.244355 86692 119716  320 504 38.4
/epb1.mtx Simple 3072 16 2 54690 0.347607 86692 119716  320 568 38.4
/epb1.mtx Simple 4096 16 2 48343 0.393244 86692 119716  320 632 38.4
/epb1.mtx Simple 5120 16 2 39961 0.475729 86692 119716  320 696 38.4
/epb1.mtx Simple 6144 16 2 43035 0.441747 86692 119716  320 760 38.4
/epb1.mtx Simple 7168 16 2 46103 0.412351 86692 119716  320 824 38.4
/epb1.mtx Simple 8192 16 2 33630 0.565287 86692 119716  320 888 38.4
/epb1.mtx Simple 9216 16 2 35678 0.532838 86692 119716  320 952 38.4
/epb1.mtx Simple 2048 8 3 58987 0.322285 82854 114134  240 660 28.8
/epb1.mtx Simple 3072 8 3 43234 0.439714 82854 114134  240 708 28.8
/epb1.mtx Simple 4096 8 3 39359 0.483005 82854 114134  240 756 28.8
/epb1.mtx Simple 5120 8 3 33440 0.568499 82854 114134  240 804 28.8
/epb1.mtx Simple 6144 8 3 36510 0.520696 82854 114134  240 852 28.8
/epb1.mtx Simple 7168 8 3 39573 0.480393 82854 114134  240 900 28.8
/epb1.mtx Simple 8192 8 3 29542 0.643511 82854 114134  240 948 28.8
/epb1.mtx 0.68526427742 Best 
/epb1.mtx 0.68526427742 BestOverall 
